<?xml version="1.0" encoding="UTF-8"?>
<!-- Generated by org.testng.reporters.JUnitReportReporter -->
<testsuite skipped="0" hostname="sunny-PC" name="p2.MyTest2" tests="3" failures="0" timestamp="16 Oct 2018 16:30:10 GMT" time="0.017" errors="0">
  <testcase name="tc005" time="0.006" classname="p2.MyTest2"/>
  <testcase name="tc006" time="0.008" classname="p2.MyTest2"/>
  <testcase name="tc004" time="0.003" classname="p2.MyTest2"/>
</testsuite> <!-- p2.MyTest2 -->
