<?xml version="1.0" encoding="UTF-8"?>
<!-- Generated by org.testng.reporters.JUnitReportReporter -->
<testsuite skipped="0" hostname="sunny-PC" name="p1.MyTest1" tests="3" failures="0" timestamp="16 Oct 2018 16:30:10 GMT" time="0.032" errors="0">
  <testcase name="tc003" time="0.008" classname="p1.MyTest1"/>
  <testcase name="tc002" time="0.005" classname="p1.MyTest1"/>
  <testcase name="tc001" time="0.019" classname="p1.MyTest1"/>
</testsuite> <!-- p1.MyTest1 -->
