<?xml version="1.0" encoding="UTF-8"?>
<!-- Generated by org.testng.reporters.JUnitReportReporter -->
<testsuite skipped="0" hostname="sunny-PC" name="p2.WebDriver_Testng_Testcase" tests="1" failures="0" timestamp="16 Oct 2018 16:30:10 GMT" time="3.124" errors="0">
  <testcase name="tc001" time="3.124" classname="p2.WebDriver_Testng_Testcase"/>
</testsuite> <!-- p2.WebDriver_Testng_Testcase -->
